\BOOKMARK [0][-]{chapter.1}{\376\377\000K\000o\000m\000m\000a\000\040\000i\000g\000\345\000n\000g}{}% 1
\BOOKMARK [1][-]{section.1.1}{\376\377\000I\000n\000t\000r\000o\000d\000u\000k\000t\000i\000o\000n}{chapter.1}% 2
\BOOKMARK [2][-]{subsection.1.1.1}{\376\377\000V\000a\000d\000\040\000\344\000r\000\040\000d\000e\000t\000\040\000h\000\344\000r\000\040\000f\000\366\000r\000\040\000d\000o\000k\000u\000m\000e\000n\000t\000?}{section.1.1}% 3
\BOOKMARK [3][-]{subsubsection.1.1.1.1}{\376\377\000H\000u\000r\000\040\000s\000k\000a\000\040\000j\000a\000g\000\040\000l\000\344\000s\000a\000\040\000d\000e\000t\000\040\000h\000\344\000r\000\040\000d\000o\000k\000u\000m\000e\000n\000t\000e\000t\000?}{subsection.1.1.1}% 4
\BOOKMARK [2][-]{subsection.1.1.2}{\376\377\000V\000a\000d\000\040\000\344\000r\000\040\000T\000e\000X\000\040\000o\000c\000h\000\040\000L\000a\000T\000e\000X\000?}{section.1.1}% 5
\BOOKMARK [2][-]{subsection.1.1.3}{\376\377\000V\000a\000d\000\040\000t\000j\000\344\000n\000a\000r\000\040\000j\000a\000g\000\040\000p\000\345\000\040\000a\000t\000t\000\040\000a\000n\000v\000\344\000n\000d\000a\000\040\000L\000a\000T\000e\000X\000?}{section.1.1}% 6
\BOOKMARK [2][-]{subsection.1.1.4}{\376\377\000L\000a\000T\000e\000X\000-\000f\000i\000l\000o\000s\000o\000f\000i\000n}{section.1.1}% 7
\BOOKMARK [1][-]{section.1.2}{\376\377\000I\000n\000s\000t\000a\000l\000l\000a\000t\000i\000o\000n}{chapter.1}% 8
\BOOKMARK [2][-]{subsection.1.2.1}{\376\377\000D\000i\000s\000t\000r\000i\000b\000u\000t\000i\000o\000n\000e\000r}{section.1.2}% 9
\BOOKMARK [2][-]{subsection.1.2.2}{\376\377\000E\000d\000i\000t\000o\000r\000e\000r}{section.1.2}% 10
\BOOKMARK [2][-]{subsection.1.2.3}{\376\377\000R\000e\000f\000e\000r\000e\000n\000s\000h\000a\000n\000t\000e\000r\000i\000n\000g}{section.1.2}% 11
\BOOKMARK [2][-]{subsection.1.2.4}{\376\377\000P\000D\000F\000-\000l\000\344\000s\000a\000r\000e}{section.1.2}% 12
\BOOKMARK [2][-]{subsection.1.2.5}{\376\377\000\326\000v\000r\000i\000g\000t}{section.1.2}% 13
\BOOKMARK [0][-]{chapter.2}{\376\377\000G\000r\000u\000n\000d\000e\000r\000n\000a}{}% 14
\BOOKMARK [1][-]{section.2.1}{\376\377\000L\000a\000T\000e\000X\000-\000s\000y\000n\000t\000a\000x}{chapter.2}% 15
\BOOKMARK [2][-]{subsection.2.1.1}{\376\377\000V\000i\000t\000a\000\040\000t\000e\000c\000k\000e\000n}{section.2.1}% 16
\BOOKMARK [2][-]{subsection.2.1.2}{\376\377\000R\000e\000s\000e\000r\000v\000e\000r\000a\000d\000e\000\040\000t\000e\000c\000k\000e\000n}{section.2.1}% 17
\BOOKMARK [2][-]{subsection.2.1.3}{\376\377\000G\000r\000o\000u\000p\000s}{section.2.1}% 18
\BOOKMARK [2][-]{subsection.2.1.4}{\376\377\000E\000n\000v\000i\000r\000o\000n\000m\000e\000n\000t}{section.2.1}% 19
\BOOKMARK [2][-]{subsection.2.1.5}{\376\377\000K\000o\000m\000m\000a\000n\000d\000o\000n}{section.2.1}% 20
\BOOKMARK [2][-]{subsection.2.1.6}{\376\377\000K\000o\000m\000m\000e\000n\000t\000a\000r\000e\000r}{section.2.1}% 21
\BOOKMARK [1][-]{section.2.2}{\376\377\000E\000t\000t\000\040\000f\000\366\000r\000s\000t\000a\000\040\000d\000o\000k\000u\000m\000e\000n\000t}{chapter.2}% 22
\BOOKMARK [2][-]{subsection.2.2.1}{\376\377\000V\000a\000d\000\040\000b\000e\000t\000y\000d\000e\000r\000\040\000d\000e\000t\000\040\000h\000e\000l\000a\000?}{section.2.2}% 23
\BOOKMARK [2][-]{subsection.2.2.2}{\376\377\000K\000o\000m\000p\000i\000l\000e\000r\000i\000n\000g\000\040\000o\000c\000h\000\040\000f\000i\000l\000t\000y\000p\000e\000r}{section.2.2}% 24
\BOOKMARK [1][-]{section.2.3}{\376\377\000E\000x\000t\000r\000a\000\040\000g\000r\000u\000n\000d\000e\000r}{chapter.2}% 25
\BOOKMARK [0][-]{chapter.3}{\376\377\000D\000o\000k\000u\000m\000e\000n\000t\000s\000t\000r\000u\000k\000t\000u\000r}{}% 26
\BOOKMARK [1][-]{section.3.1}{\376\377\000G\000l\000o\000b\000a\000l\000a\000\040\000s\000t\000r\000u\000k\000t\000u\000r\000e\000r}{chapter.3}% 27
\BOOKMARK [2][-]{subsection.3.1.1}{\376\377\000P\000r\000e\000a\000m\000b\000l\000e}{section.3.1}% 28
\BOOKMARK [2][-]{subsection.3.1.2}{\376\377\000P\000a\000k\000e\000t}{section.3.1}% 29
\BOOKMARK [1][-]{section.3.2}{\376\377\000D\000o\000c\000u\000m\000e\000n\000t\000-\000b\000l\000o\000c\000k\000e\000t}{chapter.3}% 30
\BOOKMARK [2][-]{subsection.3.2.1}{\376\377\000A\000b\000s\000t\000r\000a\000c\000t}{section.3.2}% 31
\BOOKMARK [2][-]{subsection.3.2.2}{\376\377\000R\000u\000b\000r\000i\000k\000e\000r}{section.3.2}% 32
\BOOKMARK [3][-]{subsubsection.3.2.2.1}{\376\377\000R\000u\000b\000r\000i\000k\000n\000u\000m\000r\000e\000r\000i\000n\000g}{subsection.3.2.2}% 33
\BOOKMARK [3][-]{subsubsection.3.2.2.2}{\376\377\000A\000p\000p\000e\000n\000d\000i\000x}{subsection.3.2.2}% 34
\BOOKMARK [0][-]{chapter.4}{\376\377\000T\000e\000x\000t\000f\000o\000r\000m\000a\000t\000t\000e\000r\000i\000n\000g}{}% 35
\BOOKMARK [1][-]{section.4.1}{\376\377\000R\000a\000d\000b\000r\000y\000t\000n\000i\000n\000g\000a\000r\000\040\000o\000c\000h\000\040\000a\000v\000s\000t\000a\000v\000n\000i\000n\000g\000a\000r}{chapter.4}% 36
\BOOKMARK [1][-]{section.4.2}{\376\377\000U\000p\000p\000h\000\366\000j\000t\000\040\000o\000c\000h\000\040\000n\000e\000d\000s\000\344\000n\000k\000t\000\040\000l\000\344\000g\000e}{chapter.4}% 37
\BOOKMARK [1][-]{section.4.3}{\376\377\000N\000y\000t\000t\000\040\000s\000t\000y\000c\000k\000e}{chapter.4}% 38
\BOOKMARK [1][-]{section.4.4}{\376\377\000V\000e\000r\000b\000a\000t\000i\000m}{chapter.4}% 39
\BOOKMARK [1][-]{section.4.5}{\376\377\000C\000i\000t\000a\000t\000\040\000o\000c\000h\000\040\000f\000o\000t\000n\000o\000t\000e\000r}{chapter.4}% 40
\BOOKMARK [1][-]{section.4.6}{\376\377\000T\000e\000c\000k\000e\000n\000s\000n\000i\000t\000t}{chapter.4}% 41
\BOOKMARK [1][-]{section.4.7}{\376\377\000L\000i\000s\000t\000o\000r}{chapter.4}% 42
\BOOKMARK [0][-]{chapter.5}{\376\377\000S\000i\000d\000l\000a\000y\000o\000u\000t}{}% 43
\BOOKMARK [1][-]{section.5.1}{\376\377\000P\000a\000g\000e\000\040\000s\000t\000y\000l\000e\000s}{chapter.5}% 44
\BOOKMARK [2][-]{subsection.5.1.1}{\376\377\000S\000i\000d\000n\000u\000m\000r\000e\000r\000i\000n\000g\000\040\000o\000c\000h\000\040\000t\000o\000m\000m\000a\000\040\000s\000i\000d\000o\000r}{section.5.1}% 45
\BOOKMARK [0][-]{chapter.6}{\376\377\000G\000r\000a\000f\000i\000s\000k\000a\000\040\000r\000e\000p\000r\000e\000s\000e\000n\000t\000a\000t\000i\000o\000n\000e\000r}{}% 46
\BOOKMARK [1][-]{section.6.1}{\376\377\000T\000a\000b\000e\000l\000l\000e\000r}{chapter.6}% 47
\BOOKMARK [1][-]{section.6.2}{\376\377\000I\000n\000f\000o\000g\000a\000\040\000b\000i\000l\000d\000e\000r}{chapter.6}% 48
\BOOKMARK [2][-]{subsection.6.2.1}{\376\377\000B\000i\000l\000d\000f\000o\000r\000m\000a\000t}{section.6.2}% 49
\BOOKMARK [1][-]{section.6.3}{\376\377\000F\000l\000o\000a\000t\000,\000\040\000f\000i\000g\000u\000r\000e\000,\000\040\000c\000a\000p\000t\000i\000o\000n}{chapter.6}% 50
\BOOKMARK [1][-]{section.6.4}{\376\377\000P\000G\000F\000/\000T\000i\000k\000Z}{chapter.6}% 51
\BOOKMARK [2][-]{subsection.6.4.1}{\376\377\000K\000o\000o\000r\000d\000i\000n\000a\000t\000e\000r}{section.6.4}% 52
\BOOKMARK [2][-]{subsection.6.4.2}{\376\377\000V\000\344\000g\000a\000r}{section.6.4}% 53
\BOOKMARK [2][-]{subsection.6.4.3}{\376\377\000G\000e\000o\000m\000e\000t\000r\000i\000s\000k\000a\000\040\000f\000o\000r\000m\000e\000r}{section.6.4}% 54
\BOOKMARK [2][-]{subsection.6.4.4}{\376\377\000G\000r\000a\000f\000e\000r\000\040\000m\000.\000m\000.}{section.6.4}% 55
\BOOKMARK [0][-]{chapter.7}{\376\377\000M\000a\000t\000e\000m\000a\000t\000i\000k\000t\000y\000p\000s\000\344\000t\000t\000n\000i\000n\000g}{}% 56
\BOOKMARK [1][-]{section.7.1}{\376\377\000I\000n\000s\000\344\000t\000t\000n\000i\000n\000g\000\040\000a\000v\000\040\000`\000`\000d\000i\000s\000p\000l\000a\000y\000e\000d\000'\000'\000\040\000i\000\040\000t\000e\000x\000t\000b\000l\000o\000c\000k}{chapter.7}% 57
\BOOKMARK [1][-]{section.7.2}{\376\377\000S\000y\000m\000b\000o\000l\000e\000r}{chapter.7}% 58
\BOOKMARK [1][-]{section.7.3}{\376\377\000G\000r\000e\000k\000i\000s\000k\000a\000\040\000b\000o\000k\000s\000t\000\344\000v\000e\000r}{chapter.7}% 59
\BOOKMARK [1][-]{section.7.4}{\376\377\000O\000p\000e\000r\000a\000t\000o\000r\000e\000r}{chapter.7}% 60
\BOOKMARK [1][-]{section.7.5}{\376\377\000E\000x\000p\000o\000n\000e\000n\000t\000e\000r\000\040\000o\000c\000h\000\040\000i\000n\000d\000e\000x}{chapter.7}% 61
\BOOKMARK [1][-]{section.7.6}{\376\377\000B\000r\000\345\000k\000\040\000o\000c\000h\000\040\000b\000i\000n\000o\000m\000i\000a\000l}{chapter.7}% 62
\BOOKMARK [1][-]{section.7.7}{\376\377\000R\000o\000t\000u\000t\000t\000r\000y\000c\000k}{chapter.7}% 63
\BOOKMARK [1][-]{section.7.8}{\376\377\000S\000u\000m\000m\000o\000r\000\040\000o\000c\000h\000\040\000i\000n\000t\000e\000g\000r\000a\000l\000e\000r}{chapter.7}% 64
\BOOKMARK [1][-]{section.7.9}{\376\377\000A\000u\000t\000o\000m\000a\000t\000i\000s\000k\000\040\000s\000t\000o\000r\000l\000e\000k}{chapter.7}% 65
\BOOKMARK [1][-]{section.7.10}{\376\377\000M\000a\000t\000r\000i\000s\000e\000r}{chapter.7}% 66
\BOOKMARK [1][-]{section.7.11}{\376\377\000\326\000v\000r\000i\000g\000t}{chapter.7}% 67
\BOOKMARK [0][-]{chapter.8}{\376\377\000K\000e\000m\000i\000,\000\040\000t\000e\000k\000n\000i\000k\000\040\000e\000t\000c\000.}{}% 68
\BOOKMARK [1][-]{section.8.1}{\376\377\000K\000e\000m\000i}{chapter.8}% 69
\BOOKMARK [1][-]{section.8.2}{\376\377\000E\000l\000e\000k\000t\000r\000o\000n\000i\000k\000\040\000o\000c\000h\000\040\000d\000i\000g\000i\000t\000a\000l\000t\000e\000k\000n\000i\000k}{chapter.8}% 70
\BOOKMARK [1][-]{section.8.3}{\376\377\000P\000r\000e\000s\000e\000n\000t\000a\000t\000i\000o\000n\000e\000r\000\040\000o\000c\000h\000\040\000e\000x\000a\000m\000i\000n\000a\000t\000i\000o\000n\000e\000r}{chapter.8}% 71
\BOOKMARK [0][-]{chapter.9}{\376\377\000R\000e\000f\000e\000r\000e\000n\000s\000h\000a\000n\000t\000e\000r\000i\000n\000g}{}% 72
\BOOKMARK [1][-]{section.9.1}{\376\377\000A\000n\000v\000\344\000n\000d\000n\000i\000n\000g\000\040\000a\000v\000\040\000t\000h\000e\000b\000i\000b\000l\000i\000o\000g\000r\000a\000p\000h\000y}{chapter.9}% 73
\BOOKMARK [2][-]{subsection.9.1.1}{\376\377\000L\000i\000t\000t\000e\000r\000a\000t\000u\000r\000f\000\366\000r\000t\000e\000c\000k\000n\000i\000n\000g}{section.9.1}% 74
\BOOKMARK [2][-]{subsection.9.1.2}{\376\377\000C\000i\000t\000a\000t\000\040\000o\000c\000h\000\040\000r\000e\000f\000e\000r\000e\000n\000s\000e\000r}{section.9.1}% 75
\BOOKMARK [2][-]{subsection.9.1.3}{\376\377\000N\000a\000t\000b\000i\000b}{section.9.1}% 76
\BOOKMARK [2][-]{subsection.9.1.4}{\376\377\000B\000i\000b\000T\000e\000X}{section.9.1}% 77
\BOOKMARK [0][-]{appendix.A}{\376\377\000A\000p\000p\000e\000n\000d\000i\000x}{}% 78
\BOOKMARK [1][-]{section.A.1}{\376\377\000K\000o\000m\000m\000a\000n\000d\000o\000n}{appendix.A}% 79
\BOOKMARK [2][-]{subsection.A.1.1}{\376\377\000\043}{section.A.1}% 80
\BOOKMARK [2][-]{subsection.A.1.2}{\376\377\000A}{section.A.1}% 81
\BOOKMARK [2][-]{subsection.A.1.3}{\376\377\000B}{section.A.1}% 82
\BOOKMARK [2][-]{subsection.A.1.4}{\376\377\000C}{section.A.1}% 83
\BOOKMARK [2][-]{subsection.A.1.5}{\376\377\000D}{section.A.1}% 84
\BOOKMARK [2][-]{subsection.A.1.6}{\376\377\000E}{section.A.1}% 85
\BOOKMARK [2][-]{subsection.A.1.7}{\376\377\000F}{section.A.1}% 86
\BOOKMARK [2][-]{subsection.A.1.8}{\376\377\000H}{section.A.1}% 87
\BOOKMARK [2][-]{subsection.A.1.9}{\376\377\000I}{section.A.1}% 88
\BOOKMARK [2][-]{subsection.A.1.10}{\376\377\000L}{section.A.1}% 89
\BOOKMARK [2][-]{subsection.A.1.11}{\376\377\000M}{section.A.1}% 90
\BOOKMARK [2][-]{subsection.A.1.12}{\376\377\000N}{section.A.1}% 91
\BOOKMARK [2][-]{subsection.A.1.13}{\376\377\000O}{section.A.1}% 92
\BOOKMARK [2][-]{subsection.A.1.14}{\376\377\000P}{section.A.1}% 93
\BOOKMARK [2][-]{subsection.A.1.15}{\376\377\000R}{section.A.1}% 94
\BOOKMARK [2][-]{subsection.A.1.16}{\376\377\000S}{section.A.1}% 95
\BOOKMARK [2][-]{subsection.A.1.17}{\376\377\000T}{section.A.1}% 96
\BOOKMARK [2][-]{subsection.A.1.18}{\376\377\000U}{section.A.1}% 97
\BOOKMARK [2][-]{subsection.A.1.19}{\376\377\000V}{section.A.1}% 98
\BOOKMARK [1][-]{section.A.2}{\376\377\000P\000a\000k\000e\000t}{appendix.A}% 99
